SF:lib/src/geocoder_offline_base.dart
DA:68,1
DA:74,2
DA:75,1
DA:76,1
DA:77,1
DA:80,1
DA:81,5
DA:82,6
DA:83,1
DA:84,5
DA:85,1
DA:86,5
DA:88,3
DA:89,3
DA:90,3
DA:91,3
DA:92,0
DA:96,1
DA:97,3
DA:98,2
DA:99,2
DA:100,4
DA:101,4
DA:102,3
DA:103,1
DA:105,4
DA:108,1
DA:109,1
DA:110,1
DA:111,1
DA:112,1
DA:114,1
DA:117,1
DA:118,2
DA:121,1
DA:122,2
DA:125,1
DA:130,1
DA:131,1
DA:132,2
DA:133,3
DA:134,4
DA:135,5
DA:137,5
DA:139,2
DA:141,2
DA:144,1
DA:145,1
DA:146,1
DA:147,3
DA:148,1
DA:150,2
DA:151,2
DA:152,1
DA:153,1
DA:154,2
DA:155,2
DA:161,1
DA:164,2
DA:165,2
DA:166,6
DA:167,3
DA:168,3
DA:169,3
DA:170,2
DA:171,5
DA:172,1
LF:67
LH:66
end_of_record
SF:lib/src/LocationResult.dart
DA:17,1
DA:20,1
DA:21,2
DA:22,5
DA:24,8
LF:5
LH:5
end_of_record
SF:lib/src/LocationData.dart
DA:14,1
DA:16,1
DA:17,1
DA:18,1
DA:19,1
DA:20,3
DA:21,3
DA:24,2
DA:25,1
DA:26,1
DA:27,1
DA:28,1
LF:12
LH:12
end_of_record
SF:lib/src/SearchData.dart
DA:5,1
LF:1
LH:1
end_of_record
